
2025-03-14 at 09:54:58 | INFO | Пользователь Kitty, запустил бота
2025-03-14 at 10:01:26 | INFO | Пользователь Kitty, запустил бота
2025-03-14 at 10:01:35 | INFO | phone_number='79253242280' first_name='Kitty' last_name=None user_id=1623512848 vcard=None
2025-03-14 at 11:45:35 | INFO | Пользователь Kitty, запустил бота
2025-03-14 at 11:45:45 | INFO | phone_number='79253242280' first_name='Kitty' last_name=None user_id=1623512848 vcard=None
2025-03-14 at 12:57:55 | ERROR | Ошибка при отправке сообщения Telegram server says - Bad Request: chat not found
2025-03-14 at 12:58:26 | ERROR | Ошибка при отправке сообщения Telegram server says - Bad Request: chat not found
2025-03-14 at 12:58:56 | ERROR | Ошибка при отправке сообщения Telegram server says - Bad Request: chat not found
2025-03-14 at 12:59:04 | INFO | Бот остановлен
2025-03-14 at 12:59:12 | ERROR | Ошибка при отправке сообщения Telegram server says - Bad Request: chat not found
2025-03-14 at 12:59:20 | INFO | Бот остановлен
2025-03-14 at 13:01:24 | ERROR | Ошибка при отправке сообщения Telegram server says - Bad Request: chat not found
2025-03-14 at 13:01:28 | INFO | Бот остановлен
2025-03-14 at 13:02:06 | ERROR | Ошибка при отправке сообщения Telegram server says - Bad Request: chat not found
2025-03-14 at 13:02:09 | INFO | Бот остановлен
2025-03-14 at 13:07:12 | ERROR | Ошибка при отправке сообщения Telegram server says - Bad Request: chat not found
2025-03-14 at 13:07:36 | INFO | Бот остановлен
2025-03-14 at 13:07:42 | INFO | Опублекован анекдот: Хомячки бывают разных размеров. Например, хомяк ростом с крупную собакуназывается почему-то барсуком.
2025-03-14 at 13:08:13 | INFO | Опублекован анекдот: - Меня ждут в палате лордов!- Тебя что, перевели из палаты наполеонов?
2025-03-14 at 13:08:28 | INFO | Бот остановлен
2025-03-14 at 13:08:41 | INFO | Опублекован анекдот: - Слышал, у Антона новая девушка?- Даже видел один раз. Сильно на любителя.- Любителя чего?- Крепких спиртных напитков.
2025-03-14 at 13:08:45 | INFO | Опублекован анекдот: Депутат выступает в зале и говорит - школьники начали ходить на несанкционированные митинги, за это нужно лишать родительских прав.Голос из зала - а если ваш пойдет?Мой не пойдет - ответил депутат - он учится в Лондоне.
2025-03-14 at 13:08:48 | INFO | Опублекован анекдот: - Слышал, у Антона новая девушка?- Даже видел один раз. Сильно на любителя.- Любителя чего?- Крепких спиртных напитков.
2025-03-14 at 13:08:51 | INFO | Опублекован анекдот: - А правда, что вороны долго живут?- Ну да, лет 300 где-то. Вон видишь, сидит один. Небось ещё Наполеону на треуголку срал..
2025-03-14 at 13:08:55 | INFO | Опублекован анекдот: Кто не курит и не пьет - по домам всех развезет.
2025-03-14 at 13:08:58 | INFO | Опублекован анекдот: Послематчевая пресс-конференция после игры Сербия-Россия 5:0Вопрос из зала:- Станислав Саламович, вам не кажется, что сборная России сегодня прилюдно занималась тем, чем Дзюба занимался приватно?- Нет, вы абсолютно не правы! Сегодня был полноценный половой акт!
2025-03-14 at 13:09:01 | INFO | Опублекован анекдот: Соседи пpодали дрель и, похоже, на выpученные деньги купили каpаоке...
2025-03-14 at 13:09:05 | INFO | Опублекован анекдот: Мама говорила Вовочке, что детей приносят аисты, папа говорил, что их находят в капусте, и лишь одна замочная скважина не скрывала от любознательного ребёнка правду.
2025-03-14 at 13:09:08 | INFO | Опублекован анекдот: - Когда у вас обедают? - интересуются гости у шестилетнего Мони Рабиновича. - Как правило, в три часа, - отвечает тот. - А если у нас гости, то после того, как они уйдут.
2025-03-14 at 13:09:11 | INFO | Опублекован анекдот: - Мама, а мы - подданные России? - Нет, доченька. Подданные - это те, кого держат под данью. А нас просто обложили налогами. - Значит, мы - наложницы?
2025-03-14 at 13:09:14 | INFO | Опублекован анекдот: - Ты что, не мог купить нормальный КРУПНОЛИСТОВОЙ чай? Нахера нам эта  пыль грузинских дорог???- Это Ахмад!- Хорошо. Нафига нам эта пыль английских дорог? Тем более, что там чай и  не растет!
2025-03-14 at 13:09:18 | INFO | Опублекован анекдот: - В чём выросли зарплаты в Москве по сравнению с 2013-м годом? В долларах? В рублях? - В мечтах.
2025-03-14 at 13:09:21 | INFO | Опублекован анекдот: Отключите мне интернет!!! Я хочу перед Пасхой убрать ёлку!
2025-03-14 at 13:09:24 | INFO | Опублекован анекдот: Путин принял участие в заседании Академии Наук и сделал 8-10 научных открытий.
2025-03-14 at 13:09:27 | INFO | Опублекован анекдот: Любовь - это когда смотришь на жену и думаешь: "Убил бы гадину!", а сам при этом всё одеялко ей поправляешь, чтобы не замёрзла, сука...
2025-03-14 at 13:09:31 | INFO | Опублекован анекдот: У Ким Чен Ына и Трампа так улучшились отношения, что на встречу во Вьетнаме первый приехал на бронепоезде, а второй - в бронежилете.
2025-03-14 at 13:09:34 | INFO | Опублекован анекдот: Глядя, как бабушка моет пол, маленький мистер Пропер решил изобрести универсальное чистящее средство. Годы шли, Пропер дожил до седых волос (и даже бровей), а бабушка все также моет полы. И кто он после этого?
2025-03-14 at 13:09:37 | INFO | Опублекован анекдот: Меня одного так раздражают эти новомодные слова: маффины, панкейки?Это кексики и оладушки!Хипстеры хреновы!
2025-03-14 at 13:09:40 | INFO | Опублекован анекдот: Поймал мужик Золотую рыбку и говорит ей: - Мне ничего не надо! Только скажи моей, что я действительно на рыбалке...
2025-03-14 at 13:09:44 | INFO | Опублекован анекдот: Газпром, Роснефть, Россети отваливают кучу бабла, чтобы наши замечательные спортсмены не уезжали за рубеж, а радовали нас здесь.Тысячи самых талантливых ученых, инженеров, программистов уезжают, и это как-то никого особо не волнует. Что вполне объяснимо – чахлые тела и дряблые мышцы этих хлюпиков вообще на хрен не нужны нашей инновационной экономике.
2025-03-14 at 13:09:47 | INFO | Опублекован анекдот: Дорогая, если у тебя будут какие либо проблемы, ты можешь в любой момент мне написать и я сразу же найду тебе утешительный мем.
2025-03-14 at 13:09:50 | INFO | Опублекован анекдот: Единица накуренности в помещении - 1 КУР - это когда платино-иридиевыйтопор массой 1 килограмм висит на расстоянии 1 метр от пола.
2025-03-14 at 13:09:53 | INFO | Опублекован анекдот: Бросил в фонтан рубль и загадал желание бросить курить. Не сдержался, зашёл в магазин, набрал еды, взял пачку сигарет.На кассе не хватило рубля...
2025-03-14 at 13:09:57 | INFO | Опублекован анекдот: Дама в зоопарке спрашивает у служащего:- Извините, вы не скажете, этот бегемот в клетке - самец или самка?- Мадам! Мне всегда казалось, что это может быть интересно только  другому бегемоту...
2025-03-14 at 13:10:00 | INFO | Опублекован анекдот: Семинаp по высшей математике, где-то ближе к концу семестpа, ведет егомолодая симпатичная... (ну сами понимаете).Вопpос из зала:- А где мы с вами можем встpетиться после экзамена?Ответ:- Hа пеpесдаче.
2025-03-14 at 13:10:03 | INFO | Опублекован анекдот: Один мужик привился, когда жена была беременна, а потом ребенок родился и оказался генетически не родственником этого мужика!А потом нам рассказывают, что вакцина ДНК не меняет.
2025-03-14 at 13:10:06 | INFO | Опублекован анекдот: Самое сильное влияние на улучшение памяти оказывает..... уличная обувь. Как только её надеваешь - сразу вспоминаешь всё, что забыл взять с собой выходя из дома
2025-03-14 at 13:10:10 | INFO | Опублекован анекдот: Зима 41-го. Битва за Москву. Из горящих фашистских танков вываливаются немцы и падают в сугробы... Но спустя не более минуты, обалдевшие, поднимаются и лезут обратно в горящие танки...
2025-03-14 at 13:10:13 | INFO | Опублекован анекдот: Путин на пресс-конференции заявил, что в 2008 году страной будетуправлять уже другой человек. А помощник Путина добавил, что поединодушному мнению Запада, за восемь лет своего президентства,Владимир Владимирович стал совсем другим человеком.
2025-03-14 at 13:10:16 | INFO | Опублекован анекдот: Надпись на асфальте:- Просто осталась краска…
2025-03-14 at 13:10:20 | INFO | Опублекован анекдот: - В прошлом году он послал свою фотографиюв Клуб одиноких сердец. Они прислали ему ее обратно.Они написали, что они не настолько одиноки...
2025-03-14 at 13:10:23 | INFO | Опублекован анекдот: Наконец-то выяснена причина отсутствия связи с марсианским спускаемымаппаратом. Через телескоп Хаббл удалось рассмотреть панель управления,на которой мигает - PRESS ANY KEY TO CONTINUE
2025-03-14 at 13:10:26 | INFO | Опублекован анекдот: Конец декабря, но вы не чувствуете приближения праздника?! Не волнуйтесь, сейчас главное - чувствовать вкус и запах!
2025-03-14 at 13:10:29 | INFO | Опублекован анекдот: Когда на работе вокруг одни гуманитарии и чтобы разделить 20 на 5 запускают калькулятор, начинаешь понимать, что такое "гуманитарная катастрофа"...
2025-03-14 at 13:10:32 | INFO | Опублекован анекдот: Америка, как и в 1944 году, решила, что уже пора помогать победителю.
2025-03-14 at 13:10:36 | INFO | Опублекован анекдот: Падает большой самолет.Один пассажир говорит:- Это же надо так ухитриться - набрать полный самолет неудачников.
2025-03-14 at 13:10:39 | INFO | Опублекован анекдот: Главным тренером сборной России по футболу назначен Сидоров Петр Васильевич - учитель физкультуры из Мытищ, с оплатой по 12 разряду единой тарифной сетки.Как пояснили в Российскои футбольном союзе - "если не видно разницы - зачем платить больше".
2025-03-14 at 13:10:42 | INFO | Опублекован анекдот: Надпись на асфальте:- Просто осталась краска…
2025-03-14 at 13:10:45 | INFO | Опублекован анекдот: - Готовы пройти тест на IQ?- А сколько километров нужно пройти?- Тест завершён.
2025-03-14 at 13:10:49 | INFO | Опублекован анекдот: До женитьбы я и не подозревал, что можно неправильно поставить молоко в холодильник.
2025-03-14 at 13:10:52 | INFO | Опублекован анекдот: Дети! Тщательно взвешивайте и обдумывайте слова, которые вы произносите вслух. Так, фраза: "Папа, ты хороший!" тянет максимум на китайский игрушечный пистолет. А вот фраза "Папа, я хочу быть таким же умным, как и ты!" - это уже серьёзная заявка на велосипед...
2025-03-14 at 13:10:55 | INFO | Опублекован анекдот: Во-первых, женщина должна быть умной! Но лучше, если во-вторых.
2025-03-14 at 13:10:59 | INFO | Опублекован анекдот: Охота – это спорт! Особенно когда патроны закончились, а кабан ещё жив.
2025-03-14 at 13:11:02 | INFO | Опублекован анекдот: - Подумай, дорогая, десять лет - и ни одной ссоры!- Знаю, трус несчастный!
2025-03-14 at 13:11:05 | INFO | Опублекован анекдот: Ты молод, образован, полон идей, жаждешь работать и зарабатывать, но не знаешь с чего начать? Жаль.
2025-03-14 at 13:11:08 | INFO | Опублекован анекдот: Премьер-министр Исландии Гримссон Йоханна Сигурдардоттир встретилась всвоей резиденции с президентом Намибии Хификепунье Пахамба. Оба сделаливид, что отлично помнят, как зовут собеседника.
2025-03-14 at 13:11:12 | INFO | Опублекован анекдот: - Почему дешевеют русские проститутки на Западе?- Спрос удовлетворен.- Это как?- Заебали они уже всех!
2025-03-14 at 13:11:15 | INFO | Опублекован анекдот: Счастливый брак - это когда вообще бессмысленно заправлять кровать на выходные.
2025-03-14 at 13:11:18 | INFO | Опублекован анекдот: Дионис никогда не болел с похмелья, именно поэтому греки считали его Богом.
2025-03-14 at 13:11:21 | INFO | Опублекован анекдот: В автобусе бабулька с цветочным горшком, проталкиваяськ выходу, спрашивает мужика, стоящего у дверей:- Вы сходите?Мужик в состоянии задумчивости оборачивается, некотороевремя смотрит на горшок:- Нет, я до дома потерплю...
2025-03-14 at 13:11:25 | INFO | Опублекован анекдот: Всё заметнее, как человек разумный постепенно превращается в человека гуглящего.
2025-03-14 at 13:11:28 | INFO | Опублекован анекдот: Взрослость - это когда результатов анализа крови боишься гораздо больше, чем самого анализа.
2025-03-14 at 13:11:31 | INFO | Опублекован анекдот: Взрослость - это когда результатов анализа крови боишься гораздо больше, чем самого анализа.
2025-03-14 at 13:11:35 | INFO | Опублекован анекдот: При Путине компьютеры стали в три раза быстрее.
2025-03-14 at 13:11:38 | INFO | Опублекован анекдот: Мало кто слышал о народной примете, что в месяце, который начинается в воскресенье, обязательно будет пятница 13-е.
2025-03-14 at 13:11:41 | INFO | Опублекован анекдот: — Кто хочет стать миллионером? Отвечать будет Александр Друзь.— Господин судья, хватит издеваться.
2025-03-14 at 13:11:44 | INFO | Опублекован анекдот: Я думал, что к 30-ти годам я буду разъезжать на жёлтом "Ламборджини". А сейчас радуюсь жёлтым ценникам в "Пятёрочке".
2025-03-14 at 13:11:48 | INFO | Опублекован анекдот: — Кто хочет стать миллионером? Отвечать будет Александр Друзь.— Господин судья, хватит издеваться.
2025-03-14 at 13:11:51 | INFO | Опублекован анекдот: Счастливый брак - это когда вообще бессмысленно заправлять кровать на выходные.
2025-03-14 at 13:11:54 | INFO | Опублекован анекдот: А зачем волноваться, когда поздно беспокоиться?
2025-03-14 at 13:11:57 | INFO | Опублекован анекдот: Решил мат больше не употре
2025-03-14 at 13:12:01 | INFO | Опублекован анекдот: Только в России додумались назвать процесс отмывания бюджетных денег"нанотехнологией".
2025-03-14 at 13:12:04 | INFO | Опублекован анекдот: Самое главное заблуждение дурака на дороге - думать, что он здесь такой один.
2025-03-14 at 13:12:07 | INFO | Опублекован анекдот: xxx: - Представляешь? Каждый день ссоры! То постель не убрал, то собакуне выгулял, то посуду не помыл, то зарабатываю мало!ууу: - Так, а по морде?!ххх: - Да не, руки, слава Богу, ещё не распускает...
2025-03-14 at 13:12:11 | INFO | Опублекован анекдот: На Новый 2016 год в Россию пришел Дед Тепло и его внучка Дождиночка. (c) Sj
2025-03-14 at 13:12:14 | INFO | Опублекован анекдот: Вовочка играл со спичками и проиграл трёхкомнатную квартиру.
2025-03-14 at 13:12:17 | INFO | Опублекован анекдот: А прикиньте, что сейчас чувствуют люди, которые когда-то решили: "Пойду, отслужу годик, чтоб отстали!"
2025-03-14 at 13:12:20 | INFO | Опублекован анекдот: Пчёлы не тратят время на мух, объясняя им, что мёд лучше говна. И вы не тратьте.
2025-03-14 at 13:12:24 | INFO | Опублекован анекдот: А прикиньте, что сейчас чувствуют люди, которые когда-то решили: "Пойду, отслужу годик, чтоб отстали!"
2025-03-14 at 13:12:27 | INFO | Опублекован анекдот: Покупатель:- Вы мне колбаски, грамм 200 не взвесите?Продавец (индифферентно):- А ничё, что это строительный магазин?Покупатель:- А ничё.Продавец:- Лады. Давайте вашу колбаску, взвешу.
2025-03-14 at 13:12:30 | INFO | Опублекован анекдот: - А вакцинация будет добровольной или принудительной?- Захотите - добровольной, не захотите - принудительной.
2025-03-14 at 13:12:33 | INFO | Опублекован анекдот: В Аду Дьявол добрый и заботливый. А вот его подчиненные - злые как черти.
2025-03-14 at 13:12:37 | INFO | Опублекован анекдот: Ссора с мужем. На эмоциях сказала ему, чтобы забирал свое и уходил. Он достал чемодан и начал запихивать туда меня. Так и помирились.
2025-03-14 at 13:12:40 | INFO | Опублекован анекдот: И сказала Фея Золушке: - А через шесть часов после полуночи волшебство отпустит и начнётся сушняк!
2025-03-14 at 13:12:43 | INFO | Опублекован анекдот: Вот и прошёл очередной день без яхты, вертолёта, замка и деревни с крепостными…)))
2025-03-14 at 13:12:46 | INFO | Опублекован анекдот: Для русского человека минус 40 градусов - это когда разбивается бутылка водки.
2025-03-14 at 13:12:50 | INFO | Опублекован анекдот: - Почему принято встречать Новый год в красном?! Ведь обезьяна не красная!- У неё красная задница. Вот таким и будет следующий год...
2025-03-14 at 13:12:53 | INFO | Опублекован анекдот: Вот как в мире живой природы происходит? Одна особь поедает другую! А была бы у них прокуратура? Было бы то же самое, только с волокитой!
2025-03-14 at 13:12:56 | INFO | Опублекован анекдот: - Вовочка, ну разве можно так говорить дяде?! Ведь дядя намного старше тебя.- А как надо?- Не иди, а идите нахуй!
2025-03-14 at 13:12:59 | INFO | Опублекован анекдот: Молодая бухгалтеpша устpаивается на pаботу. Диpектоp ей наказывает:- Будьте внимательны, каждую сумму пеpесчитайте дважды.Чеpез некотоpое вpемя заходит, а она и говоpит:- Я пеpесчитала все по десять pаз.- Молодец! Люблю стаpательных pаботников.- Вот вам десять итогов.
2025-03-14 at 13:13:03 | INFO | Опублекован анекдот: Птицы, конечно, тоже несут яйца, но самцы человека делают это с гордостью.
2025-03-14 at 13:13:06 | INFO | Опублекован анекдот: Наши родители посылали капсулы времени, как им думалось, в будущее. А на деле оказалось - из будущего в прошлое...
2025-03-14 at 13:13:09 | INFO | Опублекован анекдот: После обследования у врача.- Доктор, скажите, что у меня!- У вас может быть все, что угодно: от редкой формы болезни  Паркера-Скотта до банальной простуды. Все зависит от вашего  материального положения.
2025-03-14 at 13:13:12 | INFO | Опублекован анекдот: Прочитал тут в одном журнале "Сильным женщинам трусы не нужны". Задумался, куда поставить ударение...
2025-03-14 at 13:13:16 | INFO | Опублекован анекдот: Если честно, то я не знаю, что сейчас страшнее: померить температуру или взвеситься.
2025-03-14 at 13:13:19 | INFO | Опублекован анекдот: Четыре стадии опьянения:1. Пришёл.2. Приполз.3. Принесли.4. Принесли, но не туда.
2025-03-14 at 13:13:22 | INFO | Опублекован анекдот: Никогда не оборачивайтесь назад. Если бы Золушка вернулась за туфелькой, она бы не стала принцессой.
2025-03-14 at 13:13:26 | INFO | Опублекован анекдот: Собеседование в отделе кадров на заводе.- Каковы ваши слабые стороны?- Выпить люблю.- А сильные?- Могу много выпить.
2025-03-14 at 13:13:29 | INFO | Опублекован анекдот: Спросил как-то мальчик у своих родителей, что такое минет.Те переглянулись и решили - уж лучше он от нас узнает, чем где-тона улице.Мама:- Нууу... Это когда в рот берут.Тут сразу такая подача в челюсть!Папа:- Дура! Не берут, а дают. У нас сын растет.
2025-03-14 at 13:13:32 | INFO | Опублекован анекдот: Как все меняется: раньше, если говорили “честь имею” – это означало, чтоу человека есть честь, теперь это означает, что с честью делают что-тонепотребное.
2025-03-14 at 13:13:35 | INFO | Опублекован анекдот: - Сын, как у тебя дела с математикой?- Папа, нормально! Сегодня получил пять плюс четыре минус семь.
2025-03-14 at 13:13:39 | INFO | Опублекован анекдот: Что ты знаешь про обломы ?! В нашем полку за 2 года службы котлеты давали 2 раза - на 7 ноября. И один раз я пропустил...
2025-03-14 at 13:13:42 | INFO | Опублекован анекдот: Мы своего начальника готовы на руках носить… но в горизонтальном положении и в деревянном ящике.
2025-03-14 at 13:13:45 | INFO | Опублекован анекдот: Всегда уступайте в малом, тогда у вас будет преимущество не уступить в большом.
2025-03-14 at 13:13:48 | INFO | Опублекован анекдот: В больнице "хиpуpгия глаза" идут пpиготовления к опеpации: больнойложится на опеpационный стол, вpач склоняется над его головойсо скальпелем в pуке. Тут больной тpевожно шепчет: "Доктоp,а ведь вспомните: пpошлая  опеpация закончилась кpайне неудачно!".Вpач в ответ: "А кто стаpое помянет..."
2025-03-14 at 13:13:52 | INFO | Опублекован анекдот: Бог конечно прощает всех, просто некоторых особо изощрённо.
2025-03-14 at 13:13:55 | INFO | Опублекован анекдот: Поймал мужик Золотую рыбку и говорит ей: - Мне ничего не надо! Только скажи моей, что я действительно на рыбалке...
2025-03-14 at 13:13:58 | INFO | Опублекован анекдот: — Мне всегда говорили: если любишь — отпусти… — Бля, Петрович, какой, нахуй, отпусти? Я же упаду, тут двадцать метров, держи трос!
2025-03-14 at 13:14:02 | INFO | Опублекован анекдот: Современная наука утверждает, что в дни солнечных затмений наши дикие предки выползали из своих пещер, слепо таращились на солнце, издавали нечленораздельные звуки и фотографировали процесс на мобильники. Самые тупые - со вспышкой.
2025-03-14 at 13:14:05 | INFO | Опублекован анекдот: - Давайте обклеим эту херню какой-нибудь хуйней.- А вы точно дизайнер?
2025-03-14 at 13:14:08 | INFO | Опублекован анекдот: Интересно, сколько нужно заплатить в нашей стране за то, чтобы занятьдолжность, предназначенную для борьбы с коррупцией?                                                            © konde13
2025-03-14 at 13:14:11 | INFO | Опублекован анекдот: Много будешь знать, вместо жены будешь жить с хрустальной совой.
2025-03-14 at 13:14:15 | INFO | Опублекован анекдот: Ну и что, что морда опухшая, зато морщины разгладились.
2025-03-14 at 13:14:18 | INFO | Опублекован анекдот: 1980-е годы. Провинциальная газета переживает не лучшие времена. Главный редактор собрал всех журналистов на совещание, задаёт вопрос как исправить бедственное положение. Один из журналистов:- А давайте я буду вести колонку, где буду подробно ежедневно описывать свой день? Что я поел, куда сходил, о чем думал - с фотографиями?Главный редактор: - Что за бред? Кому это будет интересно? Может ещё будем писать как ты посрал?Журналист, насупившись: - Ничего... Придет ещё моё время...
2025-03-14 at 13:14:21 | INFO | Опублекован анекдот: Капитан турецкого судна приказал матросу Петрову выдраить палубу, иуслышав ответ "Ага, сейчас!" наивно пошёл дальше...
2025-03-14 at 13:14:24 | INFO | Опублекован анекдот: Некоторым людям для того чтобы почувствовать себя великим, достаточновыучить сопромат и устроиться преподавателем.
2025-03-14 at 13:14:28 | INFO | Опублекован анекдот: Надо теперь переименовать Нур-султан в Елбасы-кала (город елбасы), и тогда это название станет вечным, при любом елбасы.
2025-03-14 at 13:14:31 | INFO | Опублекован анекдот: Президент Медведев собрал пенсионеров и спрашивает: пенсии-то вамхватает?Пенсионеры: хватает!Президент: ну, а что-нибудь остаётся?Пенсионеры: остаётся!Президент: а то что остаётся куда деваете?Пенсионеры: проедаем!
2025-03-14 at 13:14:34 | INFO | Опублекован анекдот: Правительство России разыскивает международный суд, готовый принятьпостановление о том, что Украина обязана платить Газпрому за транзитгаза через территорию Украины. Ведь принял же верховный суд Россиирешение, обязывающее жильцов первых этажей платить за лифт.
2025-03-14 at 13:14:38 | INFO | Опублекован анекдот: - Кстати, взял кредит, хочу сделать пластическую операцию.- А зачем тебе пластическая операция?- Чтобы кредит не отдавать!
2025-03-14 at 13:14:41 | INFO | Опублекован анекдот: - Яша, я купила тебе на галстук отрез шикарного шёлка! - Сарочка! Ну зачем мне шёлковый галстук?! И таки почему так много шёлка - целый отрез? - Не переживай, дорогой! Из остатков мы сошьём мне костюмчик...
2025-03-14 at 13:14:44 | INFO | Опублекован анекдот: У женщин пик ceкcуальности - в 30-35 лет, а у мужчин - в 8 утра.
2025-03-14 at 13:14:47 | INFO | Опублекован анекдот: За одну ночь жизнь изменить нельзя. Но за одну ночь можно изменить мысли, которые навсегда изменят твою жизнь.
2025-03-14 at 13:14:51 | INFO | Опублекован анекдот: Любовь - это когда ты спишь, а на тебя смотрят и умиляются.© Малый Кыс
2025-03-14 at 13:14:54 | INFO | Опублекован анекдот: - Владимир Владимирович, может еще 500 миллиардов дадим на  стабилизацию фондового рынка?- Зачем это? Прошлые не помогли, пропали куда-то.- Так чиновники просят, экономику поднимать дальше хотят, говорят  понравилось.
2025-03-14 at 13:14:57 | INFO | Опублекован анекдот: В Украине ввели новый дорожный знак "ДОРОГА", чтобы убеждатьнедоверчивых.                                                    (c) Роби
2025-03-14 at 13:15:00 | INFO | Опублекован анекдот: Что вам напоминает выступление сборной России по футболу на ЧМ-2014 в Бразилии?Выступление "Бурановских бабушек" на бразильском карнавале.
2025-03-14 at 13:15:04 | INFO | Опублекован анекдот: Заменив утренний кофе на зеленый чай, вы можете потерять до 87% той небольшой радости, которая у вас осталась в жизни.
2025-03-14 at 13:15:07 | INFO | Опублекован анекдот: Менделеев, Ломоносов, Пушкин, Толстой. А если люди, которых можно поставить в один ряд с перечисленными, но которые учились позже, уже после отмены в школах розг?
2025-03-14 at 13:15:10 | INFO | Опублекован анекдот: Судят американца, ирландца и русского за убийство...Судья объявляет приговор: каждому - по двадцать лет в одиночке.Но так как убитый был ну очень нехороший человек, они могут взятьс собой что угодно (в пределах разумного, конечно).Американец взял жену, ирландец - двадцатилетний запас виски,а русский, не мудрствуя лукаво, сигарет на двадцать лет...Прошел срок, всех выпускают.Американец выходит счастливый, с женой и тремя детьми,ирландец вообще выходить не хочет, к себе выпить зовет...Открывают камеру русского. Он там сидит, бедный, осунулся, постарел,и тихо так спрашивает:- Ребят, огоньку не найдется?...
2025-03-14 at 13:15:14 | INFO | Опублекован анекдот: Курилки возвращаются в аэропорты. Давайте присвоим им имена великих российских курильщиков!
2025-03-14 at 13:15:17 | INFO | Опублекован анекдот: Приходит Чебурашка к Гене и говорит:- Ген, вот мы же с тобой известные личности!- Ну да.- Но в мультипликации мы достигли всего, и хотелось бы двигаться дальше.- В общем согласен.- А давай мы в шоу-бизнес пойдём! Я буду певцом, а ты меня будешь  продюсировать. Может на Евровидение пройдём. У нас же и песен  популярных полно, чтоб стартовать, а? ...- Знаешь, Чебурашка, давай мы лучше строительством займёмся - благо  опыт есть. А пидорами стать, при нашей-то известности, мы всегда успеем.
2025-03-14 at 13:15:20 | INFO | Опублекован анекдот: Менделеев, Ломоносов, Пушкин, Толстой. А если люди, которых можно поставить в один ряд с перечисленными, но которые учились позже, уже после отмены в школах розг?
2025-03-14 at 13:15:23 | INFO | Опублекован анекдот: - Розочка, а кем вам приходится Соломон Маркович?- Ой, вы знаете, он такой настойчивый! Вот и приходится…
2025-03-14 at 13:15:27 | INFO | Опублекован анекдот: - Ватсон, а что это вы курите? Дайте угадаю - табак "Королева Вирджиния"  с листочками вишни, из юбилейного выпуска в бархатной упаковке?- Поразительно, Холмс! Как это вы угадали?- Ей-богу, Ватсон! Ну не миссис Хадсон же спиздила из моей комнаты  последнюю пачку!
2025-03-14 at 13:15:30 | INFO | Опублекован анекдот: - Девушка, может быть мартини или шампанского?- Да он приезжий, - радостно подумала Анжела.
2025-03-14 at 13:15:33 | INFO | Опублекован анекдот: Как же долго теперь люди-то живут, Господи!Мечтал дожить до того дня, когда можно будет получить по телевизору правдивую информацию в разделе "Погода".Дожил - до того дня, когда правдивую информацию только там и можно получить.
2025-03-14 at 13:15:36 | INFO | Опублекован анекдот: По мере накопления жизненного опыта люди, говорившие, что диплом - это просто бумажка, начинают подозревать что между этой фразой и поговоркой: "Без бумажки ты букашка, а с бумажкой человек" есть какая-то связь.
2025-03-14 at 13:15:40 | INFO | Опублекован анекдот: - Просто поражаюсь, - обращается муж к жене, - неделю назад купил новую рубашку, а воротничок уже мал...- Я тоже поражаюсь, - качает головой жена, - как это ты умудрился просунуть голову в рукав?
2025-03-14 at 13:15:43 | INFO | Опублекован анекдот: Никогда не делайте много дел сразу, можете обделаться.
2025-03-14 at 13:15:46 | INFO | Опублекован анекдот: К среднему классу у нас обычно относят себя два типа людей: те, кто не хотят признавать, что они бедные, и те, кто хочет скрыть, что на самом деле они богатые!
2025-03-14 at 13:15:49 | INFO | Опублекован анекдот: Теперь Пересильд - Первая Космическая девушка по Вызову!
2025-03-14 at 13:15:53 | INFO | Опублекован анекдот: В борьбе с реальностью достигнуты фантастические успехи!
2025-03-14 at 13:15:56 | INFO | Опублекован анекдот: Если женщина говорит: "Ты загубил мою молодость" - сама дура. Если: "Ты губишь нашу старость" - тут есть, о чём подумать.
2025-03-14 at 13:15:59 | INFO | Опублекован анекдот: Иногда хорошее настроение передаётся только половым путём.
2025-03-14 at 13:16:03 | INFO | Опублекован анекдот: У всех же есть дома чашка, которая определённо чем-то лучше, чем остальные 20?
2025-03-14 at 13:16:06 | INFO | Опублекован анекдот: – Сколько вам лет?– Восемнадцать.– Но два года назад вы говорили то же самое.– Я не из тех, кто говорит сегодня одно, а завтра другое.
2025-03-14 at 13:16:09 | INFO | Опублекован анекдот: Поехал Петька в Индию гипнозу учится.Приезжает через год. Василий Иваныч его и спрашивает:- Ну что, Петька, чему тебя там научили, покажи. Вот,  например, видишь там дерево растет? Так вот пусть его  с корнем из земли вырвет.Петька стал пристально смотреть на дерево. Через 5 минутего действително с корнем из земли вырвало.- Молодец, Петька. А теперь видишь, изба стоит? Так вот пусть  оттуда сейчас выскочит голый Котовский с баяном.Петька давай смотреть на избу. 5 минут смотрит, 10, полчаса...Все бесполезно, ничего не происходит.- Нет, Петька, - говорит тогда Василий Иваныч, - плохо тебя  научили, езжай назад и возвращайся через 5 лет.Уехал Петька, через 5 лет возвращется. Встречает егоВасилий Иваныч:- Ну как, подучился? Ну-ка, пусть вон то дерево с корнем вырвет.Петька посмотрел на дерево всего минуту, его тут же с корнемиз земли и вырвало.- А теперь пусть из той избы выбежит голый Котовский с баяном.Петька смотрел час на избу, смотрел два, ничего не происходит.- Плохо, Петька, отправляйся ты назад заново учится.Приезжает Петька опять через 10 лет. Встречает его Василий Иваныч:- Сделай, - говорит, - так, чтобы вон то дерево с корнем из земли  вырвало.Петька только бросил взгляд на дерево, а оно тут же и упало.- А теперь пусть из избы выбежит голый Котовский с баяном.Петька опять стал пристально смотреть на избу. Час смотрит,другой смотрит. Вдруг из избы выскакивает голый Котовскийс батареей и измученным голосом кричит:- Ну нету, нету у меня баяна!!!
2025-03-14 at 13:16:13 | INFO | Опублекован анекдот: Миллионы россиян в ближайшие дни узнают о том, какой вред все эти годы несли их здоровью соки Добрый, Рич и Моя семья...
2025-03-14 at 13:16:16 | INFO | Опублекован анекдот: Послал малого за колой. Он купил кваса и заявил: - Нам в школе говорили, что кола вредная. Вы когда-нибудь пили виски с квасом?
2025-03-14 at 13:16:19 | INFO | Опублекован анекдот: Куришь — укорачиваешь жизнь. Смеёшься — продлеваешь. Кури и смейся. 3 яблока в день — плюс неделя жизни. Жри яблоки — живи долго. Регулярные 2 км пешком в день добавляет 10 лет молодости. На пенсию — молодым, курящим, хохочащим, с изжогой от яблок и мозолями от ходьбы. А если Малышева ещё и правильно какать научила — ты, практически, бессмертен. Жизнь прекрасна!
2025-03-14 at 13:16:22 | INFO | Опублекован анекдот: Неловко, когда приходишь домой вечером, а в интернете ничего нового, потому что все уже посмотрел на работе
2025-03-14 at 13:16:26 | INFO | Опублекован анекдот: Послал малого за колой. Он купил кваса и заявил: - Нам в школе говорили, что кола вредная. Вы когда-нибудь пили виски с квасом?
2025-03-14 at 13:16:29 | INFO | Опублекован анекдот: У женщины есть три возраста: юность, молодость и «как вы хорошо выглядите».
2025-03-14 at 13:16:32 | INFO | Опублекован анекдот: Жена – мужу:- Ты можешь мне не мешать? Я читаю Евангелие.Муж – жене, желая отомстить:- Убийца - Понтий Пилат!
2025-03-14 at 13:16:35 | INFO | Опублекован анекдот: - Какой у вас нарядный город.- Да мы просто голубей свёклой кормим.
2025-03-14 at 13:16:39 | INFO | Опублекован анекдот: В Интернете все как в жизни: глупые не умнеют, а умные глупеют.
2025-03-14 at 13:16:42 | INFO | Опублекован анекдот: Если мужа плохо кормить, он худеет так сильно, что с его пальца сваливается обручальное кольцо.
2025-03-14 at 13:16:45 | INFO | Опублекован анекдот: я проснулся - и это уже неплохое начало дня!)
2025-03-14 at 13:16:48 | INFO | Опублекован анекдот: Из разговора по телефону:- Чем занимаешься, дорогой?- Суп варю из собственноручно собранных утром грибов. На всякий случай знай, что я всегда тебя любил.
2025-03-14 at 13:16:52 | INFO | Опублекован анекдот: Шерлок Холмс прочитал заметку в газете о своей сметри. Звонит Ватсону:-Послушайте, дорогой Ватсон, вы читали сегодняшний выпуск....-О...Холмс, какое горе, какое горе,примите сердечнейшие соболезнования...Я уже и миссис Хадсон сообщил, как она расстроена...Кстати, Холмс, откуда вы звоните?
2025-03-14 at 13:16:55 | INFO | Опублекован анекдот: - Мама прочитала в интернете, что сельдерей полезен.- И что, она теперь его ест?- Нет. Мы все едим.
2025-03-14 at 13:16:58 | INFO | Опублекован анекдот: Прокуратура обнаружила новые сведения по делу Ходорковского.Оказывается у него имеется многолетняя задолженность в школьнойбиблиотеке. Следствие продолжается.
2025-03-14 at 13:17:01 | INFO | Опублекован анекдот: Никогда не говори "никогда"! У жизни прекрасное чувство юмора.
2025-03-14 at 13:17:05 | INFO | Опублекован анекдот: Среди моих друзей нет лодырей и бездельников. Захожу в "Одноклассники" - вижу, что все находятся на рабочих местах...
2025-03-14 at 13:17:08 | INFO | Опублекован анекдот: - А как узнать, сколько мужчин было до меня у моей невесты? - Переспи с её подругой!
2025-03-14 at 13:17:11 | INFO | Опублекован анекдот: Лучший уход за кожей — это уход с работы.
2025-03-14 at 13:17:15 | INFO | Опублекован анекдот: - Доктор, а эта операция точно даст какой-то результат?!- Разумеется! Какой-то - точно даст!
2025-03-14 at 13:17:18 | INFO | Опублекован анекдот: - Сёма, ты не знаешь, сколько людей погибло в США от урагана "Сэнди"? - Судя по новостям наших телеканалов, практически все.
2025-03-14 at 13:17:19 | INFO | Бот остановлен
2025-03-14 at 13:17:28 | INFO | Опублекован анекдот: - Может стоит купить штаны на размер меньше? Если все пойдет по плану, через месяц я в них влезу! - Не советую. У меня дома полный шкаф такого самообмана.
2025-03-14 at 13:20:29 | INFO | Опублекован анекдот: Штирлиц шел по красной ковровой дорожке, по бокам стояли люди ивнимательно рассматривали его. "Инаугурация", - подумал Штирлиц.
2025-03-14 at 13:23:29 | INFO | Опублекован анекдот: - Подскажите, пожалуйста, электронный адрес премьера Украины...- Записывайте... Яценюк собака Украины точка нет...
2025-03-14 at 13:26:30 | INFO | Опублекован анекдот: - С одного акра конопли можно можно произвести больше бумаги, чем с 3-4-х гектаров леса. При этом конопляная бумага не требует отбеливания, не желтеет, она прочнее и долговечней бумаги из древесины. - У меня друг ментам то же самое говорил, всё равно посадили.
2025-03-14 at 13:29:30 | INFO | Опублекован анекдот: Из-за арестов в Минобороны молодёжь боится идти служить на генеральские должности!
2025-03-14 at 13:32:30 | INFO | Опублекован анекдот: Компания в гостинице играет в карты и рассказываетанекдоты. Петров говорит:- Зря вы здесь болтаете. Микрофон может быть спрятан  даже в пепельнице.Все посмеялись. Тогда Петров вышел в коридор и попросилгорничную ровно через десять минут принести три чашечки кофе.Вернувшись, он взял в руки пепельницу и сказал в нее:- Товарищ майор! Прошу через пять минут три чашечки кофе.Через пять минут кофе подан. Потрясенные рассказчикиложатся спать. Утром шутник посыпается от того, что люди вштатском уводят соседей. Последний задерживается и жмет ему руку:- Спасибо за содействие, товарищ Петров. Особенно майору  понравилась ваша шутка с кофе.
2025-03-14 at 13:35:31 | INFO | Опублекован анекдот: У вас никогда не будет второго шанса произвести первое впечатление.
2025-03-14 at 13:38:31 | INFO | Опублекован анекдот: Я уже не наступаю, я танцую на этих ё*аных граблях!..
2025-03-14 at 13:40:27 | INFO | Бот остановлен
